==========================================================
Starting PGMT Phase 1 Training on Node: oniwaka
==========================================================
W0720 11:15:55.197000 2038704 site-packages/torch/distributed/run.py:862] 
W0720 11:15:55.197000 2038704 site-packages/torch/distributed/run.py:862] *****************************************
W0720 11:15:55.197000 2038704 site-packages/torch/distributed/run.py:862] Setting OMP_NUM_THREADS environment variable for each process to be 1 in default, to avoid your system being overloaded, please further tune the variable for optimal performance in your application as needed. 
W0720 11:15:55.197000 2038704 site-packages/torch/distributed/run.py:862] *****************************************
/shared/miniconda3/lib/python3.12/site-packages/torch/cuda/__init__.py:187: UserWarning: CUDA initialization: The NVIDIA driver on your system is too old (found version 12040). Please update your GPU driver by downloading and installing a new version from the URL: http://www.nvidia.com/Download/index.aspx Alternatively, go to: https://pytorch.org to install a PyTorch version that has been compiled with your version of the CUDA driver. (Triggered internally at /pytorch/c10/cuda/CUDAFunctions.cpp:119.)
  return torch._C._cuda_getDeviceCount() > 0
Traceback (most recent call last):
  File "/pnr/lab/nurul/PGMT_Code/train_stage1.py", line 16, in <module>
    from pgmt_architecture import PGMTDualStream
  File "/pnr/lab/nurul/PGMT_Code/pgmt_architecture.py", line 8, in <module>
    from transformers import SiglipVisionModel
ModuleNotFoundError: No module named 'transformers'
Traceback (most recent call last):
  File "/pnr/lab/nurul/PGMT_Code/train_stage1.py", line 16, in <module>
    from pgmt_architecture import PGMTDualStream
  File "/pnr/lab/nurul/PGMT_Code/pgmt_architecture.py", line 8, in <module>
    from transformers import SiglipVisionModel
ModuleNotFoundError: No module named 'transformers'
E0720 11:16:00.118000 2038704 site-packages/torch/distributed/elastic/multiprocessing/api.py:988] failed (exitcode: 1) local_rank: 0 (pid: 2038716) of binary: /shared/miniconda3/bin/python3
Traceback (most recent call last):
  File "/shared/miniconda3/bin/torchrun", line 8, in <module>
    sys.exit(main())
             ^^^^^^
  File "/shared/miniconda3/lib/python3.12/site-packages/torch/distributed/elastic/multiprocessing/errors/__init__.py", line 367, in wrapper
    return f(*args, **kwargs)
           ^^^^^^^^^^^^^^^^^^
  File "/shared/miniconda3/lib/python3.12/site-packages/torch/distributed/run.py", line 1016, in main
    run(args)
  File "/shared/miniconda3/lib/python3.12/site-packages/torch/distributed/run.py", line 1007, in run
    elastic_launch(
  File "/shared/miniconda3/lib/python3.12/site-packages/torch/distributed/launcher/api.py", line 191, in __call__
    return launch_agent(self._config, self._entrypoint, list(args))
           ^^^^^^^^^^^^^^^^^^^^^^^^^^^^^^^^^^^^^^^^^^^^^^^^^^^^^^^^
  File "/shared/miniconda3/lib/python3.12/site-packages/torch/distributed/launcher/api.py", line 371, in launch_agent
    raise ChildFailedError(
torch.distributed.elastic.multiprocessing.errors.ChildFailedError: 
============================================================
train_stage1.py FAILED
------------------------------------------------------------
Failures:
[1]:
  time      : 2026-07-20_11:16:00
  host      : oniwaka.swarm.local
  rank      : 1 (local_rank: 1)
  exitcode  : 1 (pid: 2038717) 
  error_file: <N/A>
  traceback : To enable traceback see: https://pytorch.org/docs/stable/elastic/errors.html
------------------------------------------------------------
Root Cause (first observed failure):
[0]:
  time      : 2026-07-20_11:16:00
  host      : oniwaka.swarm.local
  rank      : 0 (local_rank: 0)
  exitcode  : 1 (pid: 2038716) 
  error_file: <N/A>
  traceback : To enable traceback see: https://pytorch.org/docs/stable/elastic/errors.html
============================================================
Training Complete.
