==========================================================
Starting PGMT Phase 1 Training on Node: oniwaka
==========================================================
W0720 13:01:31.428000 2038840 site-packages/torch/distributed/run.py:874] 
W0720 13:01:31.428000 2038840 site-packages/torch/distributed/run.py:874] *****************************************
W0720 13:01:31.428000 2038840 site-packages/torch/distributed/run.py:874] Setting OMP_NUM_THREADS environment variable for each process to be 1 in default, to avoid your system being overloaded, please further tune the variable for optimal performance in your application as needed. 
W0720 13:01:31.428000 2038840 site-packages/torch/distributed/run.py:874] *****************************************
/pnr/lab/nurul/PGMT_Code/env/lib/python3.10/site-packages/torch/cuda/__init__.py:188: UserWarning: CUDA initialization: The NVIDIA driver on your system is too old (found version 12040). Please update your GPU driver by downloading and installing a new version from the URL: http://www.nvidia.com/Download/index.aspx Alternatively, go to: https://pytorch.org to install a PyTorch version that has been compiled with your version of the CUDA driver. (Triggered internally at /__w/pytorch/pytorch/c10/cuda/CUDAFunctions.cpp:119.)
  return torch._C._cuda_getDeviceCount() > 0
[W720 13:02:06.285582919 CUDAFunctions.cpp:119] Warning: CUDA initialization: The NVIDIA driver on your system is too old (found version 12040). Please update your GPU driver by downloading and installing a new version from the URL: http://www.nvidia.com/Download/index.aspx Alternatively, go to: https://pytorch.org to install a PyTorch version that has been compiled with your version of the CUDA driver. (function operator())
[W720 13:02:06.285654889 CUDAFunctions.cpp:119] Warning: CUDA initialization: The NVIDIA driver on your system is too old (found version 12040). Please update your GPU driver by downloading and installing a new version from the URL: http://www.nvidia.com/Download/index.aspx Alternatively, go to: https://pytorch.org to install a PyTorch version that has been compiled with your version of the CUDA driver. (function operator())
Traceback (most recent call last):
  File "/pnr/lab/nurul/PGMT_Code/train_stage1.py", line 159, in <module>
    main()
  File "/pnr/lab/nurul/PGMT_Code/train_stage1.py", line 113, in main
    local_rank = setup_distributed()
  File "/pnr/lab/nurul/PGMT_Code/train_stage1.py", line 24, in setup_distributed
    dist.init_process_group(backend="nccl")
  File "/pnr/lab/nurul/PGMT_Code/env/lib/python3.10/site-packages/torch/distributed/c10d_logger.py", line 83, in wrapper
    return func(*args, **kwargs)
  File "/pnr/lab/nurul/PGMT_Code/env/lib/python3.10/site-packages/torch/distributed/c10d_logger.py", line 97, in wrapper
    func_return = func(*args, **kwargs)
  File "/pnr/lab/nurul/PGMT_Code/env/lib/python3.10/site-packages/torch/distributed/distributed_c10d.py", line 1899, in init_process_group
    default_pg, _ = _new_process_group_helper(
  File "/pnr/lab/nurul/PGMT_Code/env/lib/python3.10/site-packages/torch/distributed/distributed_c10d.py", line 2207, in _new_process_group_helper
    backend_class = ProcessGroupNCCL(
ValueError: ProcessGroupNCCL is only supported with GPUs, no GPUs found!
Traceback (most recent call last):
  File "/pnr/lab/nurul/PGMT_Code/train_stage1.py", line 159, in <module>
    main()
  File "/pnr/lab/nurul/PGMT_Code/train_stage1.py", line 113, in main
    local_rank = setup_distributed()
  File "/pnr/lab/nurul/PGMT_Code/train_stage1.py", line 24, in setup_distributed
    dist.init_process_group(backend="nccl")
  File "/pnr/lab/nurul/PGMT_Code/env/lib/python3.10/site-packages/torch/distributed/c10d_logger.py", line 83, in wrapper
    return func(*args, **kwargs)
  File "/pnr/lab/nurul/PGMT_Code/env/lib/python3.10/site-packages/torch/distributed/c10d_logger.py", line 97, in wrapper
    func_return = func(*args, **kwargs)
  File "/pnr/lab/nurul/PGMT_Code/env/lib/python3.10/site-packages/torch/distributed/distributed_c10d.py", line 1899, in init_process_group
    default_pg, _ = _new_process_group_helper(
  File "/pnr/lab/nurul/PGMT_Code/env/lib/python3.10/site-packages/torch/distributed/distributed_c10d.py", line 2207, in _new_process_group_helper
    backend_class = ProcessGroupNCCL(
ValueError: ProcessGroupNCCL is only supported with GPUs, no GPUs found!
E0720 13:02:23.033000 2038840 site-packages/torch/distributed/elastic/multiprocessing/api.py:1002] failed (exitcode: 1) local_rank: 0 (pid: 2038853) of binary: /pnr/lab/nurul/PGMT_Code/env/bin/python
Traceback (most recent call last):
  File "/pnr/lab/nurul/PGMT_Code/env/bin/torchrun", line 6, in <module>
    sys.exit(main())
  File "/pnr/lab/nurul/PGMT_Code/env/lib/python3.10/site-packages/torch/distributed/elastic/multiprocessing/errors/__init__.py", line 367, in wrapper
    return f(*args, **kwargs)
  File "/pnr/lab/nurul/PGMT_Code/env/lib/python3.10/site-packages/torch/distributed/run.py", line 1028, in main
    run(args)
  File "/pnr/lab/nurul/PGMT_Code/env/lib/python3.10/site-packages/torch/distributed/run.py", line 1019, in run
    elastic_launch(
  File "/pnr/lab/nurul/PGMT_Code/env/lib/python3.10/site-packages/torch/distributed/launcher/api.py", line 194, in __call__
    return launch_agent(
  File "/pnr/lab/nurul/PGMT_Code/env/lib/python3.10/site-packages/torch/distributed/launcher/api.py", line 383, in launch_agent
    raise ChildFailedError(
torch.distributed.elastic.multiprocessing.errors.ChildFailedError: 
============================================================
train_stage1.py FAILED
------------------------------------------------------------
Failures:
[1]:
  time      : 2026-07-20_13:02:23
  host      : oniwaka.swarm.local
  rank      : 1 (local_rank: 1)
  exitcode  : 1 (pid: 2038854) 
  error_file: <N/A>
  traceback : To enable traceback see: https://pytorch.org/docs/stable/elastic/errors.html
------------------------------------------------------------
Root Cause (first observed failure):
[0]:
  time      : 2026-07-20_13:02:23
  host      : oniwaka.swarm.local
  rank      : 0 (local_rank: 0)
  exitcode  : 1 (pid: 2038853) 
  error_file: <N/A>
  traceback : To enable traceback see: https://pytorch.org/docs/stable/elastic/errors.html
============================================================
Training Complete.
